<?xml version="1.0" encoding="UTF-8"?>
<!-- Generated by org.testng.reporters.JUnitReportReporter -->
<testsuite skipped="0" hostname="DESKTOP-7L0O1SK" name="RestAPI.RestAPI.real_data" tests="1" failures="0" timestamp="2021-09-01T08:44:53 IST" time="4.717" errors="0">
  <testcase name="guru" time="4.717" classname="RestAPI.RestAPI.real_data"/>
  <system-out/>
</testsuite> <!-- RestAPI.RestAPI.real_data -->
