<?xml version="1.0" encoding="UTF-8"?>
<!-- Generated by org.testng.reporters.JUnitReportReporter -->
<testsuite skipped="0" hostname="DESKTOP-7L0O1SK" name="RestAPI.RestAPI.guru" tests="3" failures="0" timestamp="2021-08-31T13:10:35 IST" time="7.254" errors="0">
  <testcase name="getResponseBody1" time="0.582" classname="RestAPI.RestAPI.guru"/>
  <system-out/>
  <testcase name="getResponseBody" time="3.116" classname="RestAPI.RestAPI.guru"/>
  <system-out/>
  <testcase name="getResponseStatus" time="3.556" classname="RestAPI.RestAPI.guru"/>
  <system-out/>
</testsuite> <!-- RestAPI.RestAPI.guru -->
