<?xml version="1.0" encoding="UTF-8"?>
<!-- Generated by org.testng.reporters.JUnitReportReporter -->
<testsuite skipped="0" hostname="DESKTOP-7L0O1SK" name="RestAPI.RestAPI.best_Practise" tests="1" failures="0" timestamp="2021-09-01T12:39:53 IST" time="4.792" errors="0">
  <testcase name="data_extract_map" time="4.792" classname="RestAPI.RestAPI.best_Practise"/>
  <system-out/>
</testsuite> <!-- RestAPI.RestAPI.best_Practise -->
