<?xml version="1.0" encoding="UTF-8"?>
<!-- Generated by org.testng.reporters.JUnitReportReporter -->
<testsuite skipped="0" hostname="DESKTOP-7L0O1SK" name="importants.best_Practise" tests="1" failures="0" timestamp="2021-09-06T17:47:01 IST" time="5.757" errors="0">
  <testcase name="best_examples" time="5.757" classname="importants.best_Practise"/>
  <system-out/>
</testsuite> <!-- importants.best_Practise -->
