<?xml version="1.0" encoding="UTF-8"?>
<!-- Generated by org.testng.reporters.JUnitReportReporter -->
<testsuite skipped="0" hostname="DESKTOP-7L0O1SK" name="RestAPI.RestAPI.my_Webservice" tests="1" failures="0" timestamp="2021-09-01T08:27:08 IST" time="2.739" errors="0">
  <testcase name="test_get1" time="2.739" classname="RestAPI.RestAPI.my_Webservice"/>
  <system-out/>
</testsuite> <!-- RestAPI.RestAPI.my_Webservice -->
