<?xml version="1.0" encoding="UTF-8"?>
<!-- Generated by org.testng.reporters.JUnitReportReporter -->
<testsuite skipped="0" hostname="DESKTOP-7L0O1SK" name="Asset_tracker_post.log_Demo" tests="1" failures="0" timestamp="2021-09-27T17:06:07 IST" time="0.023" errors="0">
  <testcase name="dd" time="0.023" classname="Asset_tracker_post.log_Demo"/>
  <system-out/>
</testsuite> <!-- Asset_tracker_post.log_Demo -->
