<?xml version="1.0" encoding="UTF-8"?>
<!-- Generated by org.testng.reporters.JUnitReportReporter -->
<testsuite skipped="0" hostname="DESKTOP-7L0O1SK" name="Asset_tracker_post.logDemo" tests="1" failures="0" timestamp="2021-09-27T18:29:30 IST" time="0.019" errors="0">
  <testcase name="check" time="0.019" classname="Asset_tracker_post.logDemo"/>
  <system-out/>
</testsuite> <!-- Asset_tracker_post.logDemo -->
