<?xml version="1.0" encoding="UTF-8"?>
<!-- Generated by org.testng.reporters.JUnitReportReporter -->
<testsuite skipped="0" hostname="DESKTOP-7L0O1SK" name="Asset_Tracker.get_getlocations" tests="1" failures="0" timestamp="2021-09-29T17:52:55 IST" time="0.989" errors="0">
  <testcase name="get_locations" time="0.989" classname="Asset_Tracker.get_getlocations"/>
  <system-out/>
</testsuite> <!-- Asset_Tracker.get_getlocations -->
