<?xml version="1.0" encoding="UTF-8"?>
<!-- Generated by org.testng.reporters.JUnitReportReporter -->
<testsuite skipped="0" hostname="DESKTOP-7L0O1SK" name="Asset_tracker_post.assetlocationsadding_001" tests="1" failures="0" timestamp="2021-09-21T15:06:11 IST" time="3.453" errors="0">
  <testcase name="asset_LoationAdd" time="3.453" classname="Asset_tracker_post.assetlocationsadding_001"/>
  <system-out/>
</testsuite> <!-- Asset_tracker_post.assetlocationsadding_001 -->
