<?xml version="1.0" encoding="UTF-8"?>
<!-- Generated by org.testng.reporters.JUnitReportReporter -->
<testsuite skipped="0" hostname="DESKTOP-7L0O1SK" name="Asset_tracker_post.post_002_AssetAdd" tests="1" failures="0" timestamp="2021-10-14T11:33:40 IST" time="0.416" errors="0">
  <testcase name="assetAdd" time="0.416" classname="Asset_tracker_post.post_002_AssetAdd"/>
  <system-out/>
</testsuite> <!-- Asset_tracker_post.post_002_AssetAdd -->
