<?xml version="1.0" encoding="UTF-8"?>
<!-- Generated by org.testng.reporters.JUnitReportReporter -->
<testsuite skipped="0" hostname="DESKTOP-7L0O1SK" name="importants.practise" tests="1" failures="0" timestamp="2021-09-02T19:47:09 IST" time="3.363" errors="0">
  <testcase name="testJsonParsing" time="3.363" classname="importants.practise"/>
  <system-out/>
</testsuite> <!-- importants.practise -->
