<?xml version="1.0" encoding="UTF-8"?>
<!-- Generated by org.testng.reporters.JUnitReportReporter -->
<testsuite skipped="0" hostname="DESKTOP-7L0O1SK" name="RestAPI.RestAPI.rest_verify_jsondata" tests="1" failures="0" timestamp="2021-08-30T10:21:56 IST" time="4.943" errors="0">
  <testcase name="verifyJSONdata" time="4.943" classname="RestAPI.RestAPI.rest_verify_jsondata"/>
  <system-out/>
</testsuite> <!-- RestAPI.RestAPI.rest_verify_jsondata -->
