<?xml version="1.0" encoding="UTF-8"?>
<!-- Generated by org.testng.reporters.JUnitReportReporter -->
<testsuite skipped="0" hostname="DESKTOP-7L0O1SK" name="Asset_Tracker.post_AssetAdd" tests="1" failures="0" timestamp="2021-09-13T15:04:07 IST" time="5.520" errors="0">
  <testcase name="assetAdd" time="5.520" classname="Asset_Tracker.post_AssetAdd"/>
  <system-out/>
</testsuite> <!-- Asset_Tracker.post_AssetAdd -->
