<?xml version="1.0" encoding="UTF-8"?>
<!-- Generated by org.testng.reporters.JUnitReportReporter -->
<testsuite skipped="0" hostname="DESKTOP-7L0O1SK" name="Asset_Tracker.get_assetlocationsview" tests="1" failures="0" timestamp="2021-09-29T14:42:46 IST" time="0.924" errors="0">
  <testcase name="get_assetLocationDetails" time="0.924" classname="Asset_Tracker.get_assetlocationsview"/>
  <system-out/>
</testsuite> <!-- Asset_Tracker.get_assetlocationsview -->
