<?xml version="1.0" encoding="UTF-8"?>
<!-- Generated by org.testng.reporters.JUnitReportReporter -->
<testsuite skipped="0" hostname="DESKTOP-7L0O1SK" name="importants.real_data" tests="1" failures="0" timestamp="2021-09-02T18:31:19 IST" time="7.030" errors="0">
  <testcase name="guru" time="7.030" classname="importants.real_data"/>
  <system-out/>
</testsuite> <!-- importants.real_data -->
