<?xml version="1.0" encoding="UTF-8"?>
<!-- Generated by org.testng.reporters.JUnitReportReporter -->
<testsuite skipped="0" hostname="DESKTOP-7L0O1SK" name="importants.my_Webservice" tests="1" failures="0" timestamp="2021-09-01T22:01:13 IST" time="3.700" errors="0">
  <testcase name="nested" time="3.700" classname="importants.my_Webservice"/>
  <system-out/>
</testsuite> <!-- importants.my_Webservice -->
