<?xml version="1.0" encoding="UTF-8"?>
<!-- Generated by org.testng.reporters.JUnitReportReporter -->
<testsuite skipped="0" hostname="DESKTOP-7L0O1SK" name="Asset_Tracker.get_assetLocation" tests="1" failures="0" timestamp="2021-09-13T19:24:07 IST" time="0.935" errors="0">
  <testcase name="get_assetLocationDetails" time="0.935" classname="Asset_Tracker.get_assetLocation"/>
  <system-out/>
</testsuite> <!-- Asset_Tracker.get_assetLocation -->
