<?xml version="1.0" encoding="UTF-8"?>
<!-- Generated by org.testng.reporters.JUnitReportReporter -->
<testsuite skipped="0" hostname="DESKTOP-7L0O1SK" name="Asset_Tracker.get_assettrackingforui" tests="1" failures="0" timestamp="2021-09-14T10:23:21 IST" time="0.915" errors="0">
  <testcase name="get_assetLocationDetails" time="0.915" classname="Asset_Tracker.get_assettrackingforui"/>
  <system-out/>
</testsuite> <!-- Asset_Tracker.get_assettrackingforui -->
