<?xml version="1.0" encoding="UTF-8"?>
<!-- Generated by org.testng.reporters.JUnitReportReporter -->
<testsuite skipped="0" hostname="DESKTOP-7L0O1SK" name="Asset_Tracker.get_Dumper_details" tests="1" failures="0" timestamp="2021-09-29T13:28:20 IST" time="0.924" errors="0">
  <testcase name="get_dumperDetails" time="0.924" classname="Asset_Tracker.get_Dumper_details"/>
  <system-out/>
</testsuite> <!-- Asset_Tracker.get_Dumper_details -->
