<?xml version="1.0" encoding="UTF-8"?>
<!-- Generated by org.testng.reporters.JUnitReportReporter -->
<testsuite skipped="0" hostname="DESKTOP-7L0O1SK" name="RestAPI.RestAPI.rest_Post" tests="1" failures="0" timestamp="2021-08-30T10:20:31 IST" time="5.164" errors="0">
  <testcase name="rest_postcheck" time="5.164" classname="RestAPI.RestAPI.rest_Post"/>
  <system-out/>
</testsuite> <!-- RestAPI.RestAPI.rest_Post -->
