<?xml version="1.0" encoding="UTF-8"?>
<!-- Generated by org.testng.reporters.JUnitReportReporter -->
<testsuite skipped="0" hostname="DESKTOP-7L0O1SK" name="Asset_Tracker.best_Practise" tests="1" failures="0" timestamp="2021-09-07T20:06:38 IST" time="1.230" errors="0">
  <testcase name="best_examples" time="1.230" classname="Asset_Tracker.best_Practise"/>
  <system-out/>
</testsuite> <!-- Asset_Tracker.best_Practise -->
