<?xml version="1.0" encoding="UTF-8"?>
<!-- Generated by org.testng.reporters.JUnitReportReporter -->
<testsuite skipped="0" hostname="DESKTOP-7L0O1SK" name="Asset_tracker_post.get_004_get_Assetview" tests="1" failures="0" timestamp="2021-10-28T17:44:03 IST" time="0.235" errors="0">
  <testcase name="assetview" time="0.235" classname="Asset_tracker_post.get_004_get_Assetview"/>
  <system-out/>
</testsuite> <!-- Asset_tracker_post.get_004_get_Assetview -->
