<?xml version="1.0" encoding="UTF-8"?>
<!-- Generated by org.testng.reporters.JUnitReportReporter -->
<testsuite skipped="0" hostname="DESKTOP-7L0O1SK" name="Asset_tracker_post.get_001_Dumper_details" tests="1" failures="0" timestamp="2021-10-28T12:58:15 IST" time="7.409" errors="0">
  <testcase name="allDumperIds" time="7.409" classname="Asset_tracker_post.get_001_Dumper_details"/>
  <system-out/>
</testsuite> <!-- Asset_tracker_post.get_001_Dumper_details -->
