<?xml version="1.0" encoding="UTF-8"?>
<!-- Generated by org.testng.reporters.JUnitReportReporter -->
<testsuite skipped="0" hostname="DESKTOP-7L0O1SK" name="Asset_tracker_post.post_004_assettracking" tests="1" failures="0" timestamp="2021-10-28T17:44:02 IST" time="0.335" errors="0">
  <testcase name="asset_tracking" time="0.335" classname="Asset_tracker_post.post_004_assettracking"/>
  <system-out/>
</testsuite> <!-- Asset_tracker_post.post_004_assettracking -->
