<?xml version="1.0" encoding="UTF-8"?>
<!-- Generated by org.testng.reporters.JUnitReportReporter -->
<testsuite skipped="0" hostname="DESKTOP-7L0O1SK" name="Asset_tracker_post.post_007_durationofthetrip" tests="1" failures="0" timestamp="2021-10-29T22:31:56 IST" time="0.127" errors="0">
  <testcase name="dumperdetailscount" time="0.127" classname="Asset_tracker_post.post_007_durationofthetrip"/>
  <system-out/>
</testsuite> <!-- Asset_tracker_post.post_007_durationofthetrip -->
