<?xml version="1.0" encoding="UTF-8"?>
<!-- Generated by org.testng.reporters.JUnitReportReporter -->
<testsuite skipped="0" hostname="DESKTOP-7L0O1SK" name="Asset_tracker_post.get_003_getlocations" tests="1" failures="0" timestamp="2021-10-29T21:51:23 IST" time="0.098" errors="0">
  <testcase name="assetLocation" time="0.098" classname="Asset_tracker_post.get_003_getlocations"/>
  <system-out/>
</testsuite> <!-- Asset_tracker_post.get_003_getlocations -->
